** WARNING: connection is not using a post-quantum key exchange algorithm.
** This session may be vulnerable to "store now, decrypt later" attacks.
** The server may need to be upgraded. See https://openssh.com/pq.html
r8169 0000:01:00.0 eno2: Link is Up - 100Mbps/Full - flow control rx/tx
IPv6: ADDRCONF(NETDEV_CHANGE): eno2: link becomes ready
andrea_mind_core: loading out-of-tree module taints kernel.
andrea_mind_core: caricamento, CPU target=3
andrea_mind_core: thread avviato su CPU 3
andrea_mind_core: 100 blocchi FP completati, acc=9992459 (x1000)
andrea_mind_core: 200 blocchi FP completati, acc=9992459 (x1000)
andrea_mind_core: 300 blocchi FP completati, acc=9992459 (x1000)
andrea_mind_core: 400 blocchi FP completati, acc=9992459 (x1000)
andrea_mind_core: 500 blocchi FP completati, acc=9992459 (x1000)
andrea_mind_core: 600 blocchi FP completati, acc=9992459 (x1000)
andrea_mind_core: 700 blocchi FP completati, acc=9992459 (x1000)
andrea_mind_core: 800 blocchi FP completati, acc=9992459 (x1000)
andrea_mind_core: 900 blocchi FP completati, acc=9992459 (x1000)
andrea_mind_core: 1000 blocchi FP completati, acc=9992459 (x1000)
andrea_mind_core: 1100 blocchi FP completati, acc=9992459 (x1000)
andrea_mind_core: 1200 blocchi FP completati, acc=9992459 (x1000)
andrea_mind_core: 1300 blocchi FP completati, acc=9992459 (x1000)
andrea_mind_core: 1400 blocchi FP completati, acc=9992459 (x1000)
andrea_mind_core: 1500 blocchi FP completati, acc=9992459 (x1000)
andrea_mind_core: 1600 blocchi FP completati, acc=9992459 (x1000)
andrea_mind_core: 1700 blocchi FP completati, acc=9992459 (x1000)
andrea_mind_core: 1800 blocchi FP completati, acc=9992459 (x1000)
andrea_mind_core: 1900 blocchi FP completati, acc=9992459 (x1000)
andrea_mind_core: 2000 blocchi FP completati, acc=9992459 (x1000)
andrea_mind_core: 2100 blocchi FP completati, acc=9992459 (x1000)
andrea_mind_core: 2200 blocchi FP completati, acc=9992459 (x1000)
andrea_mind_core: 2300 blocchi FP completati, acc=9992459 (x1000)
andrea_mind_core: 2400 blocchi FP completati, acc=9992459 (x1000)
andrea_mind_core: 2500 blocchi FP completati, acc=9992459 (x1000)
andrea_mind_core: 2600 blocchi FP completati, acc=9992459 (x1000)
andrea_mind_core: 2700 blocchi FP completati, acc=9992459 (x1000)
andrea_mind_core: 2800 blocchi FP completati, acc=9992459 (x1000)
andrea_mind_core: 2900 blocchi FP completati, acc=9992459 (x1000)
andrea_mind_core: 3000 blocchi FP completati, acc=9992459 (x1000)
andrea_mind_core: 3100 blocchi FP completati, acc=9992459 (x1000)
andrea_mind_core: 3200 blocchi FP completati, acc=9992459 (x1000)
andrea_mind_core: 3300 blocchi FP completati, acc=9992459 (x1000)
andrea_mind_core: 3400 blocchi FP completati, acc=9992459 (x1000)
andrea_mind_core: 3500 blocchi FP completati, acc=9992459 (x1000)
andrea_mind_core: 3600 blocchi FP completati, acc=9992459 (x1000)
andrea_mind_core: 3700 blocchi FP completati, acc=9992459 (x1000)
andrea_mind_core: 3800 blocchi FP completati, acc=9992459 (x1000)
andrea_mind_core: 3900 blocchi FP completati, acc=9992459 (x1000)
andrea_mind_core: 4000 blocchi FP completati, acc=9992459 (x1000)
andrea_mind_core: 4100 blocchi FP completati, acc=9992459 (x1000)
andrea_mind_core: 4200 blocchi FP completati, acc=9992459 (x1000)
andrea_mind_core: 4300 blocchi FP completati, acc=9992459 (x1000)
andrea_mind_core: 4400 blocchi FP completati, acc=9992459 (x1000)
andrea_mind_core: 4500 blocchi FP completati, acc=9992459 (x1000)
andrea_mind_core: 4600 blocchi FP completati, acc=9992459 (x1000)
andrea_mind_core: 4700 blocchi FP completati, acc=9992459 (x1000)
andrea_mind_core: 4800 blocchi FP completati, acc=9992459 (x1000)
andrea_mind_core: 4900 blocchi FP completati, acc=9992459 (x1000)
andrea_mind_core: 5000 blocchi FP completati, acc=9992459 (x1000)
andrea_mind_core: 5100 blocchi FP completati, acc=9992459 (x1000)
andrea_mind_core: 5200 blocchi FP completati, acc=9992459 (x1000)
andrea_mind_core: 5300 blocchi FP completati, acc=9992459 (x1000)
andrea_mind_core: 5400 blocchi FP completati, acc=9992459 (x1000)
andrea_mind_core: 5500 blocchi FP completati, acc=9992459 (x1000)
andrea_mind_core: 5600 blocchi FP completati, acc=9992459 (x1000)
andrea_mind_core: 5700 blocchi FP completati, acc=9992459 (x1000)
andrea_mind_core: 5800 blocchi FP completati, acc=9992459 (x1000)
andrea_mind_core: 5900 blocchi FP completati, acc=9992459 (x1000)
andrea_mind_core: 6000 blocchi FP completati, acc=9992459 (x1000)
andrea_mind_core: 6100 blocchi FP completati, acc=9992459 (x1000)
andrea_mind_core: 6200 blocchi FP completati, acc=9992459 (x1000)
andrea_mind_core: 6300 blocchi FP completati, acc=9992459 (x1000)
andrea_mind_core: 6400 blocchi FP completati, acc=9992459 (x1000)
andrea_mind_core: 6500 blocchi FP completati, acc=9992459 (x1000)
andrea_mind_core: 6600 blocchi FP completati, acc=9992459 (x1000)
andrea_mind_core: 6700 blocchi FP completati, acc=9992459 (x1000)
andrea_mind_core: 6800 blocchi FP completati, acc=9992459 (x1000)
andrea_mind_core: 6900 blocchi FP completati, acc=9992459 (x1000)
andrea_mind_core: 7000 blocchi FP completati, acc=9992459 (x1000)
andrea_mind_core: 7100 blocchi FP completati, acc=9992459 (x1000)
andrea_mind_core: 7200 blocchi FP completati, acc=9992459 (x1000)
andrea_mind_core: 7300 blocchi FP completati, acc=9992459 (x1000)
andrea_mind_core: 7400 blocchi FP completati, acc=9992459 (x1000)
andrea_mind_core: 7500 blocchi FP completati, acc=9992459 (x1000)
andrea_mind_core: 7600 blocchi FP completati, acc=9992459 (x1000)
andrea_mind_core: 7700 blocchi FP completati, acc=9992459 (x1000)
andrea_mind_core: 7800 blocchi FP completati, acc=9992459 (x1000)
andrea_mind_core: 7900 blocchi FP completati, acc=9992459 (x1000)
andrea_mind_core: 8000 blocchi FP completati, acc=9992459 (x1000)
andrea_mind_core: 8100 blocchi FP completati, acc=9992459 (x1000)
andrea_mind_core: 8200 blocchi FP completati, acc=9992459 (x1000)
andrea_mind_core: 8300 blocchi FP completati, acc=9992459 (x1000)
andrea_mind_core: 8400 blocchi FP completati, acc=9992459 (x1000)
andrea_mind_core: 8500 blocchi FP completati, acc=9992459 (x1000)
andrea_mind_core: 8600 blocchi FP completati, acc=9992459 (x1000)
andrea_mind_core: 8700 blocchi FP completati, acc=9992459 (x1000)
andrea_mind_core: 8800 blocchi FP completati, acc=9992459 (x1000)
andrea_mind_core: 8900 blocchi FP completati, acc=9992459 (x1000)
andrea_mind_core: 9000 blocchi FP completati, acc=9992459 (x1000)
andrea_mind_core: 9100 blocchi FP completati, acc=9992459 (x1000)
andrea_mind_core: 9200 blocchi FP completati, acc=9992459 (x1000)
andrea_mind_core: 9300 blocchi FP completati, acc=9992459 (x1000)
andrea_mind_core: 9400 blocchi FP completati, acc=9992459 (x1000)
andrea_mind_core: 9500 blocchi FP completati, acc=9992459 (x1000)
andrea_mind_core: 9600 blocchi FP completati, acc=9992459 (x1000)
andrea_mind_core: 9700 blocchi FP completati, acc=9992459 (x1000)
andrea_mind_core: 9800 blocchi FP completati, acc=9992459 (x1000)
andrea_mind_core: 9900 blocchi FP completati, acc=9992459 (x1000)
andrea_mind_core: 10000 blocchi FP completati, acc=9992459 (x1000)
andrea_mind_core: 10100 blocchi FP completati, acc=9992459 (x1000)
andrea_mind_core: 10200 blocchi FP completati, acc=9992459 (x1000)
andrea_mind_core: 10300 blocchi FP completati, acc=9992459 (x1000)
andrea_mind_core: 10400 blocchi FP completati, acc=9992459 (x1000)
andrea_mind_core: 10500 blocchi FP completati, acc=9992459 (x1000)
andrea_mind_core: 10600 blocchi FP completati, acc=9992459 (x1000)
andrea_mind_core: 10700 blocchi FP completati, acc=9992459 (x1000)
andrea_mind_core: 10800 blocchi FP completati, acc=9992459 (x1000)
andrea_mind_core: 10900 blocchi FP completati, acc=9992459 (x1000)
andrea_mind_core: 11000 blocchi FP completati, acc=9992459 (x1000)
andrea_mind_core: 11100 blocchi FP completati, acc=9992459 (x1000)
andrea_mind_core: 11200 blocchi FP completati, acc=9992459 (x1000)
andrea_mind_core: 11300 blocchi FP completati, acc=9992459 (x1000)
andrea_mind_core: 11400 blocchi FP completati, acc=9992459 (x1000)
andrea_mind_core: 11500 blocchi FP completati, acc=9992459 (x1000)
andrea_mind_core: 11600 blocchi FP completati, acc=9992459 (x1000)
andrea_mind_core: 11700 blocchi FP completati, acc=9992459 (x1000)
andrea_mind_core: 11800 blocchi FP completati, acc=9992459 (x1000)
andrea_mind_core: 11900 blocchi FP completati, acc=9992459 (x1000)
andrea_mind_core: 12000 blocchi FP completati, acc=9992459 (x1000)
andrea_mind_core: 12100 blocchi FP completati, acc=9992459 (x1000)
andrea_mind_core: 12200 blocchi FP completati, acc=9992459 (x1000)
andrea_mind_core: 12300 blocchi FP completati, acc=9992459 (x1000)
andrea_mind_core: 12400 blocchi FP completati, acc=9992459 (x1000)
andrea_mind_core: 12500 blocchi FP completati, acc=9992459 (x1000)
andrea_mind_core: 12600 blocchi FP completati, acc=9992459 (x1000)
andrea_mind_core: 12700 blocchi FP completati, acc=9992459 (x1000)
andrea_mind_core: 12800 blocchi FP completati, acc=9992459 (x1000)
andrea_mind_core: 12900 blocchi FP completati, acc=9992459 (x1000)
andrea_mind_core: 13000 blocchi FP completati, acc=9992459 (x1000)
andrea_mind_core: 13100 blocchi FP completati, acc=9992459 (x1000)
andrea_mind_core: 13200 blocchi FP completati, acc=9992459 (x1000)
andrea_mind_core: 13300 blocchi FP completati, acc=9992459 (x1000)
andrea_mind_core: 13400 blocchi FP completati, acc=9992459 (x1000)
andrea_mind_core: 13500 blocchi FP completati, acc=9992459 (x1000)
andrea_mind_core: 13600 blocchi FP completati, acc=9992459 (x1000)
andrea_mind_core: 13700 blocchi FP completati, acc=9992459 (x1000)
andrea_mind_core: 13800 blocchi FP completati, acc=9992459 (x1000)
andrea_mind_core: 13900 blocchi FP completati, acc=9992459 (x1000)
andrea_mind_core: 14000 blocchi FP completati, acc=9992459 (x1000)
andrea_mind_core: 14100 blocchi FP completati, acc=9992459 (x1000)
andrea_mind_core: 14200 blocchi FP completati, acc=9992459 (x1000)
andrea_mind_core: 14300 blocchi FP completati, acc=9992459 (x1000)
andrea_mind_core: 14400 blocchi FP completati, acc=9992459 (x1000)
andrea_mind_core: 14500 blocchi FP completati, acc=9992459 (x1000)
andrea_mind_core: 14600 blocchi FP completati, acc=9992459 (x1000)
andrea_mind_core: 14700 blocchi FP completati, acc=9992459 (x1000)
andrea_mind_core: 14800 blocchi FP completati, acc=9992459 (x1000)
andrea_mind_core: 14900 blocchi FP completati, acc=9992459 (x1000)
andrea_mind_core: 15000 blocchi FP completati, acc=9992459 (x1000)
andrea_mind_core: 15100 blocchi FP completati, acc=9992459 (x1000)
andrea_mind_core: 15200 blocchi FP completati, acc=9992459 (x1000)
andrea_mind_core: 15300 blocchi FP completati, acc=9992459 (x1000)
andrea_mind_core: 15400 blocchi FP completati, acc=9992459 (x1000)
andrea_mind_core: 15500 blocchi FP completati, acc=9992459 (x1000)
andrea_mind_core: 15600 blocchi FP completati, acc=9992459 (x1000)
andrea_mind_core: 15700 blocchi FP completati, acc=9992459 (x1000)
andrea_mind_core: 15800 blocchi FP completati, acc=9992459 (x1000)
andrea_mind_core: 15900 blocchi FP completati, acc=9992459 (x1000)
andrea_mind_core: 16000 blocchi FP completati, acc=9992459 (x1000)
andrea_mind_core: 16100 blocchi FP completati, acc=9992459 (x1000)
andrea_mind_core: 16200 blocchi FP completati, acc=9992459 (x1000)
andrea_mind_core: 16300 blocchi FP completati, acc=9992459 (x1000)
andrea_mind_core: 16400 blocchi FP completati, acc=9992459 (x1000)
andrea_mind_core: 16500 blocchi FP completati, acc=9992459 (x1000)
andrea_mind_core: 16600 blocchi FP completati, acc=9992459 (x1000)
andrea_mind_core: 16700 blocchi FP completati, acc=9992459 (x1000)
andrea_mind_core: 16800 blocchi FP completati, acc=9992459 (x1000)
andrea_mind_core: 16900 blocchi FP completati, acc=9992459 (x1000)
andrea_mind_core: 17000 blocchi FP completati, acc=9992459 (x1000)
andrea_mind_core: 17100 blocchi FP completati, acc=9992459 (x1000)
andrea_mind_core: 17200 blocchi FP completati, acc=9992459 (x1000)
andrea_mind_core: 17300 blocchi FP completati, acc=9992459 (x1000)
andrea_mind_core: 17400 blocchi FP completati, acc=9992459 (x1000)
andrea_mind_core: 17500 blocchi FP completati, acc=9992459 (x1000)
andrea_mind_core: 17600 blocchi FP completati, acc=9992459 (x1000)
andrea_mind_core: 17700 blocchi FP completati, acc=9992459 (x1000)
andrea_mind_core: 17800 blocchi FP completati, acc=9992459 (x1000)
andrea_mind_core: 17900 blocchi FP completati, acc=9992459 (x1000)
andrea_mind_core: 18000 blocchi FP completati, acc=9992459 (x1000)
andrea_mind_core: 18100 blocchi FP completati, acc=9992459 (x1000)
andrea_mind_core: 18200 blocchi FP completati, acc=9992459 (x1000)
andrea_mind_core: 18300 blocchi FP completati, acc=9992459 (x1000)
andrea_mind_core: 18400 blocchi FP completati, acc=9992459 (x1000)
andrea_mind_core: 18500 blocchi FP completati, acc=9992459 (x1000)
andrea_mind_core: 18600 blocchi FP completati, acc=9992459 (x1000)
andrea_mind_core: 18700 blocchi FP completati, acc=9992459 (x1000)
andrea_mind_core: 18800 blocchi FP completati, acc=9992459 (x1000)
andrea_mind_core: 18900 blocchi FP completati, acc=9992459 (x1000)
andrea_mind_core: 19000 blocchi FP completati, acc=9992459 (x1000)
andrea_mind_core: 19100 blocchi FP completati, acc=9992459 (x1000)
andrea_mind_core: 19200 blocchi FP completati, acc=9992459 (x1000)
andrea_mind_core: 19300 blocchi FP completati, acc=9992459 (x1000)
andrea_mind_core: 19400 blocchi FP completati, acc=9992459 (x1000)
andrea_mind_core: 19500 blocchi FP completati, acc=9992459 (x1000)
andrea_mind_core: 19600 blocchi FP completati, acc=9992459 (x1000)
andrea_mind_core: 19700 blocchi FP completati, acc=9992459 (x1000)
andrea_mind_core: 19800 blocchi FP completati, acc=9992459 (x1000)
andrea_mind_core: 19900 blocchi FP completati, acc=9992459 (x1000)
andrea_mind_core: 20000 blocchi FP completati, acc=9992459 (x1000)
andrea_mind_core: 20100 blocchi FP completati, acc=9992459 (x1000)
andrea_mind_core: 20200 blocchi FP completati, acc=9992459 (x1000)
andrea_mind_core: 20300 blocchi FP completati, acc=9992459 (x1000)
andrea_mind_core: 20400 blocchi FP completati, acc=9992459 (x1000)
andrea_mind_core: 20500 blocchi FP completati, acc=9992459 (x1000)
andrea_mind_core: 20600 blocchi FP completati, acc=9992459 (x1000)
andrea_mind_core: 20700 blocchi FP completati, acc=9992459 (x1000)
andrea_mind_core: 20800 blocchi FP completati, acc=9992459 (x1000)
andrea_mind_core: 20900 blocchi FP completati, acc=9992459 (x1000)
andrea_mind_core: thread fermato dopo 20923 blocchi
andrea_mind_core: scaricato
